#
# A fatal error has been detected by the Java Runtime Environment:
#
#  SIGSEGV (0xb) at pc=0x00000008dce28188, pid=2903, tid=8711
#
# JRE version: 7.0_07-b10
# Java VM: Java HotSpot(TM) 64-Bit Server VM (23.3-b01 mixed mode bsd-amd64 compressed oops)
# Problematic frame:
# C  [libJavaController.jnilib+0x5188]  Java_com_cyberbotics_webots_controller_wrapperJNI_Display_1setColor+0x38
#
# Failed to write core dump. Core dumps have been disabled. To enable core dumping, try "ulimit -c unlimited" before starting Java again
#
# If you would like to submit a bug report, please visit:
#   http://bugreport.sun.com/bugreport/crash.jsp
# The crash happened outside the Java Virtual Machine in native code.
# See problematic frame for where to report the bug.
#

---------------  T H R E A D  ---------------

Current thread (0x00007fae82000000):  JavaThread "main" [_thread_in_native, id=8711, stack(0x00007fff63efe000,0x00007fff646fe000)]

siginfo:si_signo=SIGSEGV: si_errno=0, si_code=1 (SEGV_MAPERR), si_addr=0x0000000000000000

Registers:
RAX=0x00000008dce28150, RBX=0x0000000108bc00a0, RCX=0x0000000000000000, RDX=0x0000000000000000
RSP=0x00007fff646faf00, RBP=0x00007fff646faf40, RSI=0x00007fff646fafc8, RDI=0x00007fae820001d8
R8 =0x0000000000505050, R9 =0x0000000000000000, R10=0x0000000105834f64, R11=0x000000010510521f
R12=0x00000001088ff000, R13=0x0000000108bc00a0, R14=0x00007fff646faff0, R15=0x00007fae82000000
RIP=0x00000008dce28188, EFLAGS=0x0000000000010206, ERR=0x0000000000000004
  TRAPNO=0x000000000000000e

Top of Stack: (sp=0x00007fff646faf00)
0x00007fff646faf00:   00007fae80500610 00505050805009e8
0x00007fff646faf10:   0000000000000000 0050505082000000
0x00007fff646faf20:   00007fff646fafe0 0000000000000000
0x00007fff646faf30:   00007fff646fafc8 00007fae820001d8
0x00007fff646faf40:   00007fff646fafb8 0000000105834f90
0x00007fff646faf50:   0000000100000000 00007fff646fb038
0x00007fff646faf60:   00007fff646fafd8 00007fff646fb098
0x00007fff646faf70:   00007fff646fb048 00007fff646faf78
0x00007fff646faf80:   0000000108bc00a0 00007fff646faff0
0x00007fff646faf90:   0000000108bcc7a0 0000000000000000
0x00007fff646fafa0:   0000000108bc00a0 0000000000000000
0x00007fff646fafb0:   00007fff646fafd8 00007fff646fb038
0x00007fff646fafc0:   0000000105829158 000000060a538c58
0x00007fff646fafd0:   0000000105831dd8 0000000000505050
0x00007fff646fafe0:   000000060a567368 0000000000000000
0x00007fff646faff0:   000000060a567368 00007fff646faff8
0x00007fff646fb000:   0000000108bd9a16 00007fff646fb050
0x00007fff646fb010:   0000000108bdad50 0000000000000000
0x00007fff646fb020:   0000000108bd9a20 00007fff646fafd8
0x00007fff646fb030:   00007fff646fb048 00007fff646fb098
0x00007fff646fb040:   0000000105829158 0000000000505050
0x00007fff646fb050:   000000060a567368 00007fff646fb058
0x00007fff646fb060:   0000000108b92c5f 00007fff646fb0a8
0x00007fff646fb070:   0000000108bbaab0 0000000000000000
0x00007fff646fb080:   0000000108b92d10 00007fff646fb048
0x00007fff646fb090:   00007fff646fb0a8 00007fff646fb0f0
0x00007fff646fb0a0:   0000000105829158 000000060a526a20
0x00007fff646fb0b0:   00007fff646fb0b0 0000000108b93da0
0x00007fff646fb0c0:   00007fff646fb118 0000000108bbaab0
0x00007fff646fb0d0:   0000000000000000 0000000108b93f80
0x00007fff646fb0e0:   00007fff646fb0a8 00007fff646fb118
0x00007fff646fb0f0:   00007fff646fb160 0000000105829158 

Instructions: (pc=0x00000008dce28188)
0x00000008dce28168:   44 89 45 dc 48 c7 45 d0 00 00 00 00 48 8b 4d e8
0x00000008dce28178:   48 89 4d d0 44 8b 45 dc 44 89 45 cc 48 8b 4d d0
0x00000008dce28188:   48 8b 11 48 8b 52 10 8b 75 cc 48 89 cf ff d2 48
0x00000008dce28198:   83 c4 40 5d c3 0f 1f 00 55 48 89 e5 48 83 ec 40 

Register to memory mapping:

RAX=0x00000008dce28150: Java_com_cyberbotics_webots_controller_wrapperJNI_Display_1setColor+0 in /Applications/Webots//lib/libJavaController.jnilib at 0x00000008dce23000
RBX=0x0000000108bc00a0 is an oop
{method} 
 - klass: {other class}
RCX=0x0000000000000000 is an unknown value
RDX=0x0000000000000000 is an unknown value
RSP=0x00007fff646faf00 is pointing into the stack for thread: 0x00007fae82000000
RBP=0x00007fff646faf40 is pointing into the stack for thread: 0x00007fae82000000
RSI=0x00007fff646fafc8 is pointing into the stack for thread: 0x00007fae82000000
RDI=0x00007fae820001d8 is an unknown value
R8 =0x0000000000505050 is an unknown value
R9 =0x0000000000000000 is an unknown value
R10=0x0000000105834f64 is an Interpreter codelet
method entry point (kind = native)  [0x0000000105834d00, 0x0000000105835540]  2112 bytes
R11=0x000000010510521f: throw_unsatisfied_link_error+0 in /Library/Java/JavaVirtualMachines/jdk1.7.0_07.jdk/Contents/Home/jre/lib/server/libjvm.dylib at 0x0000000104d00000
R12=0x00000001088ff000 is an unknown value
R13=0x0000000108bc00a0 is an oop
{method} 
 - klass: {other class}
R14=0x00007fff646faff0 is pointing into the stack for thread: 0x00007fae82000000
R15=0x00007fae82000000 is a thread


Stack: [0x00007fff63efe000,0x00007fff646fe000],  sp=0x00007fff646faf00,  free space=8179k
Native frames: (J=compiled Java code, j=interpreted, Vv=VM code, C=native code)
C  [libJavaController.jnilib+0x5188]  Java_com_cyberbotics_webots_controller_wrapperJNI_Display_1setColor+0x38
j  com.cyberbotics.webots.controller.wrapperJNI.Display_setColor(JLcom/cyberbotics/webots/controller/Display;I)V+0
j  com.cyberbotics.webots.controller.Display.setColor(I)V+6
j  SupervisorController.resetDisplay()V+15
j  SupervisorController.initialise()V+312
j  SupervisorController.main([Ljava/lang/String;)V+9
v  ~StubRoutines::call_stub
V  [libjvm.dylib+0x288afb]
V  [libjvm.dylib+0x2888c8]
V  [libjvm.dylib+0x2a40d6]
V  [libjvm.dylib+0x29d442]
C  [java+0x32e2]  JavaMain+0x9b1
C  [java+0x687f]  __JVMInit_block_invoke_1+0x51
C  [libdispatch.dylib+0x2db3]  _dispatch_barrier_sync_f_slow_invoke+0x50
C  [libdispatch.dylib+0x38f2]  _dispatch_main_queue_callback_4CF+0x134
C  [CoreFoundation+0x38e7c]  __CFRunLoopRun+0x6bc
C  [CoreFoundation+0x38486]  CFRunLoopRunSpecific+0xe6
C  [java+0x74bc]  CreateExecutionEnvironment+0x367
C  [java+0x1cac]  JLI_Launch+0x7a0
C  [java+0x7819]  main+0x65
C  [java+0x1504]  start+0x34

Java frames: (J=compiled Java code, j=interpreted, Vv=VM code)
j  com.cyberbotics.webots.controller.wrapperJNI.Display_setColor(JLcom/cyberbotics/webots/controller/Display;I)V+0
j  com.cyberbotics.webots.controller.Display.setColor(I)V+6
j  SupervisorController.resetDisplay()V+15
j  SupervisorController.initialise()V+312
j  SupervisorController.main([Ljava/lang/String;)V+9
v  ~StubRoutines::call_stub

---------------  P R O C E S S  ---------------

Java Threads: ( => current thread )
  0x00007fae80834800 JavaThread "Service Thread" daemon [_thread_blocked, id=15363, stack(0x00000008dcbd2000,0x00000008dccd2000)]
  0x00007fae84804800 JavaThread "C2 CompilerThread1" daemon [_thread_blocked, id=15107, stack(0x00000008dcacf000,0x00000008dcbcf000)]
  0x00007fae84803000 JavaThread "C2 CompilerThread0" daemon [_thread_blocked, id=14851, stack(0x00000008dc9cc000,0x00000008dcacc000)]
  0x00007fae84802000 JavaThread "Signal Dispatcher" daemon [_thread_blocked, id=14595, stack(0x00000008dc8c9000,0x00000008dc9c9000)]
  0x00007fae82010000 JavaThread "Finalizer" daemon [_thread_blocked, id=10755, stack(0x00000008dc5ce000,0x00000008dc6ce000)]
  0x00007fae8200f000 JavaThread "Reference Handler" daemon [_thread_blocked, id=10499, stack(0x00000008dc4cb000,0x00000008dc5cb000)]
=>0x00007fae82000000 JavaThread "main" [_thread_in_native, id=8711, stack(0x00007fff63efe000,0x00007fff646fe000)]

Other Threads:
  0x00007fae81012800 VMThread [stack: 0x00000008dc3c8000,0x00000008dc4c8000] [id=10243]
  0x00007fae80835800 WatcherThread [stack: 0x00000008dccd5000,0x00000008dcdd5000] [id=15619]

VM state:not at safepoint (normal execution)

VM Mutex/Monitor currently owned by a thread: None

Heap
 PSYoungGen      total 611648K, used 10485K [0x000000060a460000, 0x0000000634f00000, 0x0000000888900000)
  eden space 524288K, 2% used [0x000000060a460000,0x000000060ae9d778,0x000000062a460000)
  from space 87360K, 0% used [0x000000062f9b0000,0x000000062f9b0000,0x0000000634f00000)
  to   space 87360K, 0% used [0x000000062a460000,0x000000062a460000,0x000000062f9b0000)
 ParOldGen       total 1398144K, used 0K [0x000000010db00000, 0x0000000163060000, 0x000000060a460000)
  object space 1398144K, 0% used [0x000000010db00000,0x000000010db00000,0x0000000163060000)
 PSPermGen       total 21248K, used 2924K [0x0000000108900000, 0x0000000109dc0000, 0x000000010db00000)
  object space 21248K, 13% used [0x0000000108900000,0x0000000108bdb1b0,0x0000000109dc0000)

Card table byte_map: [0x0000000888900000,0x000000088c501000] byte_map_base: 0x00000008880bb800

Polling page: 0x0000000104bfa000

Code Cache  [0x0000000105823000, 0x0000000105a93000, 0x0000000108823000)
 total_blobs=205 nmethods=2 adapters=156 free_code_cache=48757Kb largest_free_block=49912448

Compilation events (4 events):
Event: 0.088 Thread 0x00007fae84803000    1             java.lang.String::hashCode (55 bytes)
Event: 0.097 Thread 0x00007fae84803000 nmethod 1 0x00000001058847d0 code [0x0000000105884920, 0x0000000105884ab8]
Event: 0.233 Thread 0x00007fae84804800    2             java.lang.String::indexOf (70 bytes)
Event: 0.235 Thread 0x00007fae84804800 nmethod 2 0x00000001058857d0 code [0x0000000105885920, 0x0000000105885ac8]

GC Heap History (0 events):
No events

Deoptimization events (0 events):
No events

Internal exceptions (10 events):
Event: 0.099 Thread 0x00007fae82000000 Threw 0x000000060a50fb50 at /HUDSON/workspace/jdk7u7-2-build-macosx-amd64-product/jdk7u7/hotspot/src/share/vm/prims/jvm.cpp:1166
Event: 0.103 Thread 0x00007fae82000000 Threw 0x000000060a51b718 at /HUDSON/workspace/jdk7u7-2-build-macosx-amd64-product/jdk7u7/hotspot/src/share/vm/prims/jvm.cpp:1166
Event: 0.106 Thread 0x00007fae82000000 Threw 0x000000060a528800 at /HUDSON/workspace/jdk7u7-2-build-macosx-amd64-product/jdk7u7/hotspot/src/share/vm/prims/jvm.cpp:1166
Event: 0.204 Thread 0x00007fae82000000 Threw 0x000000060a53c190 at /HUDSON/workspace/jdk7u7-2-build-macosx-amd64-product/jdk7u7/hotspot/src/share/vm/prims/jvm.cpp:1166
Event: 0.206 Thread 0x00007fae82000000 Threw 0x000000060a543028 at /HUDSON/workspace/jdk7u7-2-build-macosx-amd64-product/jdk7u7/hotspot/src/share/vm/prims/jvm.cpp:1166
Event: 0.206 Thread 0x00007fae82000000 Threw 0x000000060a547a58 at /HUDSON/workspace/jdk7u7-2-build-macosx-amd64-product/jdk7u7/hotspot/src/share/vm/prims/jvm.cpp:1166
Event: 0.207 Thread 0x00007fae82000000 Threw 0x000000060a54d150 at /HUDSON/workspace/jdk7u7-2-build-macosx-amd64-product/jdk7u7/hotspot/src/share/vm/prims/jvm.cpp:1166
Event: 0.230 Thread 0x00007fae82000000 Threw 0x000000060a552288 at /HUDSON/workspace/jdk7u7-2-build-macosx-amd64-product/jdk7u7/hotspot/src/share/vm/prims/jvm.cpp:1166
Event: 0.233 Thread 0x00007fae82000000 Threw 0x000000060a559710 at /HUDSON/workspace/jdk7u7-2-build-macosx-amd64-product/jdk7u7/hotspot/src/share/vm/prims/jvm.cpp:1166
Event: 0.234 Thread 0x00007fae82000000 Threw 0x000000060a561d68 at /HUDSON/workspace/jdk7u7-2-build-macosx-amd64-product/jdk7u7/hotspot/src/share/vm/prims/jvm.cpp:1166

Events (10 events):
Event: 0.207 loading class 0x0000000104c3a3b0
Event: 0.207 loading class 0x0000000104c3a3b0 done
Event: 0.230 loading class 0x0000000104c3a840
Event: 0.230 loading class 0x0000000104c3a840 done
Event: 0.231 loading class 0x00007fae80608510
Event: 0.231 loading class 0x00007fae80608510 done
Event: 0.233 loading class 0x0000000104c39fb0
Event: 0.233 loading class 0x0000000104c39fb0 done
Event: 0.234 loading class 0x0000000104c3a020
Event: 0.234 loading class 0x0000000104c3a020 done


Dynamic libraries:
0x0000000005c71000 	/System/Library/Frameworks/Cocoa.framework/Versions/A/Cocoa
0x0000000005c71000 	/System/Library/Frameworks/Security.framework/Versions/A/Security
0x0000000005c71000 	/System/Library/Frameworks/ApplicationServices.framework/Versions/A/ApplicationServices
0x0000000005c71000 	/usr/lib/libz.1.dylib
0x0000000005c71000 	/usr/lib/libSystem.B.dylib
0x0000000005c71000 	/usr/lib/libobjc.A.dylib
0x0000000005c71000 	/System/Library/Frameworks/CoreFoundation.framework/Versions/A/CoreFoundation
0x0000000005c71000 	/System/Library/Frameworks/AppKit.framework/Versions/C/AppKit
0x0000000005c71000 	/System/Library/Frameworks/CoreData.framework/Versions/A/CoreData
0x0000000005c71000 	/System/Library/Frameworks/Foundation.framework/Versions/C/Foundation
0x0000000005c71000 	/System/Library/PrivateFrameworks/RemoteViewServices.framework/Versions/A/RemoteViewServices
0x0000000005c71000 	/System/Library/Frameworks/AudioToolbox.framework/Versions/A/AudioToolbox
0x0000000005c71000 	/System/Library/Frameworks/AudioUnit.framework/Versions/A/AudioUnit
0x0000000005c71000 	/System/Library/PrivateFrameworks/DataDetectorsCore.framework/Versions/A/DataDetectorsCore
0x0000000005c71000 	/System/Library/PrivateFrameworks/DesktopServicesPriv.framework/Versions/A/DesktopServicesPriv
0x0000000005c71000 	/System/Library/Frameworks/Carbon.framework/Versions/A/Frameworks/HIToolbox.framework/Versions/A/HIToolbox
0x0000000005c71000 	/System/Library/Frameworks/QuartzCore.framework/Versions/A/QuartzCore
0x0000000005c71000 	/System/Library/Frameworks/Carbon.framework/Versions/A/Frameworks/SpeechRecognition.framework/Versions/A/SpeechRecognition
0x0000000005c71000 	/usr/lib/libauto.dylib
0x0000000005c71000 	/usr/lib/libicucore.A.dylib
0x0000000005c71000 	/usr/lib/libxml2.2.dylib
0x0000000005c71000 	/System/Library/PrivateFrameworks/CoreUI.framework/Versions/A/CoreUI
0x0000000005c71000 	/System/Library/Frameworks/CoreAudio.framework/Versions/A/CoreAudio
0x0000000005c71000 	/System/Library/Frameworks/DiskArbitration.framework/Versions/A/DiskArbitration
0x0000000005c71000 	/usr/lib/liblangid.dylib
0x0000000005c71000 	/System/Library/PrivateFrameworks/MultitouchSupport.framework/Versions/A/MultitouchSupport
0x0000000005c71000 	/System/Library/Frameworks/IOKit.framework/Versions/A/IOKit
0x0000000005c71000 	/usr/lib/libDiagnosticMessagesClient.dylib
0x0000000005c71000 	/System/Library/Frameworks/CoreServices.framework/Versions/A/CoreServices
0x0000000005c71000 	/System/Library/PrivateFrameworks/PerformanceAnalysis.framework/Versions/A/PerformanceAnalysis
0x0000000005c71000 	/System/Library/PrivateFrameworks/GenerationalStorage.framework/Versions/A/GenerationalStorage
0x0000000005c71000 	/System/Library/Frameworks/OpenGL.framework/Versions/A/OpenGL
0x0000000005c71000 	/System/Library/Frameworks/CoreServices.framework/Versions/A/Frameworks/CFNetwork.framework/Versions/A/CFNetwork
0x0000000005c71000 	/System/Library/Frameworks/SystemConfiguration.framework/Versions/A/SystemConfiguration
0x0000000005c71000 	/usr/lib/libCRFSuite.dylib
0x0000000005c71000 	/usr/lib/libc++.1.dylib
0x0000000005c71000 	/usr/lib/libstdc++.6.dylib
0x0000000005c71000 	/usr/lib/libc++abi.dylib
0x0000000005c71000 	/usr/lib/system/libcache.dylib
0x0000000005c71000 	/usr/lib/system/libcommonCrypto.dylib
0x0000000005c71000 	/usr/lib/system/libcompiler_rt.dylib
0x0000000005c71000 	/usr/lib/system/libcopyfile.dylib
0x0000000005c71000 	/usr/lib/system/libdispatch.dylib
0x0000000005c71000 	/usr/lib/system/libdnsinfo.dylib
0x0000000005c71000 	/usr/lib/system/libdyld.dylib
0x0000000005c71000 	/usr/lib/system/libkeymgr.dylib
0x0000000005c71000 	/usr/lib/system/liblaunch.dylib
0x0000000005c71000 	/usr/lib/system/libmacho.dylib
0x0000000005c71000 	/usr/lib/system/libmathCommon.A.dylib
0x0000000005c71000 	/usr/lib/system/libquarantine.dylib
0x0000000005c71000 	/usr/lib/system/libremovefile.dylib
0x0000000005c71000 	/usr/lib/system/libsystem_blocks.dylib
0x0000000005c71000 	/usr/lib/system/libsystem_c.dylib
0x0000000005c71000 	/usr/lib/system/libsystem_dnssd.dylib
0x0000000005c71000 	/usr/lib/system/libsystem_info.dylib
0x0000000005c71000 	/usr/lib/system/libsystem_kernel.dylib
0x0000000005c71000 	/usr/lib/system/libsystem_network.dylib
0x0000000005c71000 	/usr/lib/system/libsystem_notify.dylib
0x0000000005c71000 	/usr/lib/system/libsystem_sandbox.dylib
0x0000000005c71000 	/usr/lib/system/libunc.dylib
0x0000000005c71000 	/usr/lib/system/libunwind.dylib
0x0000000005c71000 	/usr/lib/system/libxpc.dylib
0x0000000005c71000 	/usr/lib/libbsm.0.dylib
0x0000000005c71000 	/usr/lib/libsqlite3.dylib
0x0000000005c71000 	/usr/lib/libOpenScriptingUtil.dylib
0x0000000005c71000 	/usr/lib/libpam.2.dylib
0x0000000005c71000 	/usr/lib/libxar-nossl.dylib
0x0000000005c71000 	/usr/lib/libbz2.1.0.dylib
0x0000000005c71000 	/System/Library/Frameworks/CoreServices.framework/Versions/A/Frameworks/CarbonCore.framework/Versions/A/CarbonCore
0x0000000005c71000 	/System/Library/Frameworks/CoreServices.framework/Versions/A/Frameworks/Metadata.framework/Versions/A/Metadata
0x0000000005c71000 	/System/Library/Frameworks/CoreServices.framework/Versions/A/Frameworks/OSServices.framework/Versions/A/OSServices
0x0000000005c71000 	/System/Library/Frameworks/CoreServices.framework/Versions/A/Frameworks/SearchKit.framework/Versions/A/SearchKit
0x0000000005c71000 	/System/Library/Frameworks/CoreServices.framework/Versions/A/Frameworks/AE.framework/Versions/A/AE
0x0000000005c71000 	/System/Library/Frameworks/CoreServices.framework/Versions/A/Frameworks/LaunchServices.framework/Versions/A/LaunchServices
0x0000000005c71000 	/System/Library/Frameworks/CoreServices.framework/Versions/A/Frameworks/DictionaryServices.framework/Versions/A/DictionaryServices
0x0000000005c71000 	/System/Library/Frameworks/NetFS.framework/Versions/A/NetFS
0x0000000005c71000 	/usr/lib/system/libkxld.dylib
0x0000000005c71000 	/System/Library/PrivateFrameworks/NetAuth.framework/Versions/A/NetAuth
0x0000000005c71000 	/usr/lib/libcrypto.0.9.8.dylib
0x0000000005c71000 	/System/Library/PrivateFrameworks/TrustEvaluationAgent.framework/Versions/A/TrustEvaluationAgent
0x0000000005c71000 	/System/Library/Frameworks/OpenDirectory.framework/Versions/A/Frameworks/CFOpenDirectory.framework/Versions/A/CFOpenDirectory
0x0000000005c71000 	/usr/lib/libxslt.1.dylib
0x0000000005c71000 	/System/Library/PrivateFrameworks/FamilyControls.framework/Versions/A/FamilyControls
0x0000000005c71000 	/System/Library/Frameworks/Carbon.framework/Versions/A/Frameworks/Ink.framework/Versions/A/Ink
0x0000000005c71000 	/System/Library/Frameworks/ApplicationServices.framework/Versions/A/Frameworks/CoreGraphics.framework/Versions/A/CoreGraphics
0x0000000005c71000 	/System/Library/Frameworks/ApplicationServices.framework/Versions/A/Frameworks/ImageIO.framework/Versions/A/ImageIO
0x0000000005c71000 	/System/Library/Frameworks/ApplicationServices.framework/Versions/A/Frameworks/CoreText.framework/Versions/A/CoreText
0x0000000005c71000 	/System/Library/Frameworks/ApplicationServices.framework/Versions/A/Frameworks/ATS.framework/Versions/A/ATS
0x0000000005c71000 	/System/Library/Frameworks/ApplicationServices.framework/Versions/A/Frameworks/ColorSync.framework/Versions/A/ColorSync
0x0000000005c71000 	/System/Library/Frameworks/ApplicationServices.framework/Versions/A/Frameworks/HIServices.framework/Versions/A/HIServices
0x0000000005c71000 	/System/Library/Frameworks/ApplicationServices.framework/Versions/A/Frameworks/LangAnalysis.framework/Versions/A/LangAnalysis
0x0000000005c71000 	/System/Library/Frameworks/ApplicationServices.framework/Versions/A/Frameworks/PrintCore.framework/Versions/A/PrintCore
0x0000000005c71000 	/System/Library/Frameworks/ApplicationServices.framework/Versions/A/Frameworks/QD.framework/Versions/A/QD
0x0000000005c71000 	/System/Library/Frameworks/ApplicationServices.framework/Versions/A/Frameworks/SpeechSynthesis.framework/Versions/A/SpeechSynthesis
0x0000000005c71000 	/System/Library/Frameworks/IOSurface.framework/Versions/A/IOSurface
0x0000000005c71000 	/System/Library/Frameworks/Accelerate.framework/Versions/A/Accelerate
0x0000000005c71000 	/System/Library/Frameworks/ApplicationServices.framework/Versions/A/Frameworks/ImageIO.framework/Versions/A/Resources/libJPEG.dylib
0x0000000005c71000 	/System/Library/Frameworks/ApplicationServices.framework/Versions/A/Frameworks/ImageIO.framework/Versions/A/Resources/libTIFF.dylib
0x0000000005c71000 	/System/Library/Frameworks/ApplicationServices.framework/Versions/A/Frameworks/ImageIO.framework/Versions/A/Resources/libPng.dylib
0x0000000005c71000 	/System/Library/Frameworks/ApplicationServices.framework/Versions/A/Frameworks/ImageIO.framework/Versions/A/Resources/libGIF.dylib
0x0000000005c71000 	/System/Library/Frameworks/ApplicationServices.framework/Versions/A/Frameworks/ImageIO.framework/Versions/A/Resources/libJP2.dylib
0x0000000005c71000 	/System/Library/Frameworks/ApplicationServices.framework/Versions/A/Frameworks/ImageIO.framework/Versions/A/Resources/libRadiance.dylib
0x0000000005c71000 	/System/Library/Frameworks/Accelerate.framework/Versions/A/Frameworks/vImage.framework/Versions/A/vImage
0x0000000005c71000 	/System/Library/Frameworks/Accelerate.framework/Versions/A/Frameworks/vecLib.framework/Versions/A/vecLib
0x0000000005c71000 	/System/Library/Frameworks/Accelerate.framework/Versions/A/Frameworks/vecLib.framework/Versions/A/libvDSP.dylib
0x0000000005c71000 	/System/Library/Frameworks/Accelerate.framework/Versions/A/Frameworks/vecLib.framework/Versions/A/libvMisc.dylib
0x0000000005c71000 	/System/Library/Frameworks/Accelerate.framework/Versions/A/Frameworks/vecLib.framework/Versions/A/libLAPACK.dylib
0x0000000005c71000 	/System/Library/Frameworks/Accelerate.framework/Versions/A/Frameworks/vecLib.framework/Versions/A/libBLAS.dylib
0x0000000005c71000 	/System/Library/Frameworks/ApplicationServices.framework/Versions/A/Frameworks/ATS.framework/Versions/A/Resources/libFontParser.dylib
0x0000000005c71000 	/System/Library/Frameworks/ApplicationServices.framework/Versions/A/Frameworks/ATS.framework/Versions/A/Resources/libFontRegistry.dylib
0x0000000005c71000 	/usr/lib/libcups.2.dylib
0x0000000005c71000 	/System/Library/Frameworks/Kerberos.framework/Versions/A/Kerberos
0x0000000005c71000 	/System/Library/Frameworks/GSS.framework/Versions/A/GSS
0x0000000005c71000 	/usr/lib/libresolv.9.dylib
0x0000000005c71000 	/usr/lib/libiconv.2.dylib
0x0000000005c71000 	/System/Library/PrivateFrameworks/Heimdal.framework/Versions/A/Heimdal
0x0000000005c71000 	/System/Library/Frameworks/OpenDirectory.framework/Versions/A/OpenDirectory
0x0000000005c71000 	/System/Library/PrivateFrameworks/CommonAuth.framework/Versions/A/CommonAuth
0x0000000005c71000 	/System/Library/Frameworks/CoreVideo.framework/Versions/A/CoreVideo
0x0000000005c71000 	/System/Library/Frameworks/QuartzCore.framework/Versions/A/Frameworks/CoreImage.framework/Versions/A/CoreImage
0x0000000005c71000 	/System/Library/Frameworks/QuartzCore.framework/Versions/A/Frameworks/ScalableUserInterface.framework/Versions/A/ScalableUserInterface
0x0000000005c71000 	/System/Library/Frameworks/OpenGL.framework/Versions/A/Libraries/libGLU.dylib
0x0000000005c71000 	/System/Library/Frameworks/OpenGL.framework/Versions/A/Libraries/libGFXShared.dylib
0x0000000005c71000 	/System/Library/Frameworks/OpenGL.framework/Versions/A/Libraries/libGL.dylib
0x0000000005c71000 	/System/Library/Frameworks/OpenGL.framework/Versions/A/Libraries/libGLImage.dylib
0x0000000005c71000 	/System/Library/Frameworks/OpenGL.framework/Versions/A/Libraries/libCVMSPluginSupport.dylib
0x0000000005c71000 	/System/Library/Frameworks/OpenGL.framework/Versions/A/Libraries/libCoreVMClient.dylib
0x0000000005c71000 	/System/Library/Frameworks/OpenCL.framework/Versions/A/OpenCL
0x0000000005c71000 	/System/Library/PrivateFrameworks/FaceCoreLight.framework/Versions/A/FaceCoreLight
0x0000000005c71000 	/System/Library/Frameworks/vecLib.framework/Versions/A/vecLib
0x0000000005c71000 	/System/Library/Frameworks/SecurityFoundation.framework/Versions/A/SecurityFoundation
0x0000000005c71000 	/System/Library/PrivateFrameworks/CommerceKit.framework/Versions/A/Frameworks/CommerceCore.framework/Versions/A/CommerceCore
0x0000000005c71000 	/System/Library/PrivateFrameworks/CoreSymbolication.framework/Versions/A/CoreSymbolication
0x0000000005c71000 	/System/Library/PrivateFrameworks/Symbolication.framework/Versions/A/Symbolication
0x0000000005c71000 	/System/Library/PrivateFrameworks/DebugSymbols.framework/Versions/A/DebugSymbols
0x0000000104d00000 	/Library/Java/JavaVirtualMachines/jdk1.7.0_07.jdk/Contents/Home/jre/lib/server/libjvm.dylib
0x00000001057d5000 	/Library/Java/JavaVirtualMachines/jdk1.7.0_07.jdk/Contents/Home/jre/lib/libverify.dylib
0x00000001057e2000 	/Library/Java/JavaVirtualMachines/jdk1.7.0_07.jdk/Contents/Home/jre/lib/libjava.dylib
0x000000010581a000 	/Library/Java/JavaVirtualMachines/jdk1.7.0_07.jdk/Contents/Home/jre/lib/libzip.dylib
0x00000008dc6d0000 	/System/Library/Frameworks/JavaVM.framework/Frameworks/JavaRuntimeSupport.framework/JavaRuntimeSupport
0x00000008dc6e8000 	/System/Library/Frameworks/JavaVM.framework/Versions/A/Frameworks/JavaNativeFoundation.framework/Versions/A/JavaNativeFoundation
0x00000001088e3000 	/System/Library/Frameworks/JavaVM.framework/Versions/A/JavaVM
0x0000000005c71000 	/System/Library/Frameworks/Carbon.framework/Versions/A/Carbon
0x00000008dc6fd000 	/System/Library/PrivateFrameworks/JavaLaunching.framework/Versions/A/JavaLaunching
0x0000000005c71000 	/System/Library/Frameworks/Carbon.framework/Versions/A/Frameworks/CommonPanels.framework/Versions/A/CommonPanels
0x0000000005c71000 	/System/Library/Frameworks/Carbon.framework/Versions/A/Frameworks/Help.framework/Versions/A/Help
0x0000000005c71000 	/System/Library/Frameworks/Carbon.framework/Versions/A/Frameworks/ImageCapture.framework/Versions/A/ImageCapture
0x0000000005c71000 	/System/Library/Frameworks/Carbon.framework/Versions/A/Frameworks/OpenScripting.framework/Versions/A/OpenScripting
0x0000000005c71000 	/System/Library/Frameworks/Carbon.framework/Versions/A/Frameworks/Print.framework/Versions/A/Print
0x0000000005c71000 	/System/Library/Frameworks/Carbon.framework/Versions/A/Frameworks/SecurityHI.framework/Versions/A/SecurityHI
0x00000008dce23000 	/Applications/Webots//lib/libJavaController.jnilib
0x00000008dce48000 	/Applications/Webots//lib/libController.dylib
0x00000008dceda000 	/Applications/Webots//lib/libCppController.dylib

VM Arguments:
java_command: SupervisorController
Launcher Type: SUN_STANDARD

Environment Variables:
PATH=/usr/bin:/bin:/usr/sbin:/sbin
SHELL=/bin/bash
DISPLAY=/tmp/launch-eu0EQT/org.x:0
DYLD_LIBRARY_PATH=/Applications/Webots//lib:/Applications/Webots//lib
DYLD_FRAMEWORK_PATH=/Applications/Webots/webots.app/Contents/MacOS/../Frameworks/

Signal Handlers:
SIGSEGV: [libjvm.dylib+0x4a3a1d], sa_mask[0]=0xfffefeff, sa_flags=0x00000042
SIGBUS: [libjvm.dylib+0x4a3a1d], sa_mask[0]=0xfffefeff, sa_flags=0x00000042
SIGFPE: [libjvm.dylib+0x3b3431], sa_mask[0]=0xfffefeff, sa_flags=0x00000042
SIGPIPE: [libjvm.dylib+0x3b3431], sa_mask[0]=0xfffefeff, sa_flags=0x00000042
SIGXFSZ: [libjvm.dylib+0x3b3431], sa_mask[0]=0xfffefeff, sa_flags=0x00000042
SIGILL: [libjvm.dylib+0x3b3431], sa_mask[0]=0xfffefeff, sa_flags=0x00000042
SIGUSR1: SIG_DFL, sa_mask[0]=0x00000000, sa_flags=0x00000002
SIGUSR2: [libjvm.dylib+0x3b2fca], sa_mask[0]=0x00000000, sa_flags=0x00000042
SIGHUP: [libjvm.dylib+0x3b122b], sa_mask[0]=0xfffefeff, sa_flags=0x00000042
SIGINT: [libjvm.dylib+0x3b122b], sa_mask[0]=0xfffefeff, sa_flags=0x00000042
SIGTERM: [libjvm.dylib+0x3b122b], sa_mask[0]=0xfffefeff, sa_flags=0x00000042
SIGQUIT: [libjvm.dylib+0x3b122b], sa_mask[0]=0xfffefeff, sa_flags=0x00000042


---------------  S Y S T E M  ---------------

OS:Bsduname:Darwin 11.4.2 Darwin Kernel Version 11.4.2: Thu Aug 23 16:25:48 PDT 2012; root:xnu-1699.32.7~1/RELEASE_X86_64 x86_64
rlimit: STACK 8192k, CORE 0k, NPROC 709, NOFILE 10240, AS infinity
load average:1.45 1.53 1.50

CPU:total 8 (4 cores per cpu, 2 threads per core) family 6 model 42 stepping 7, cmov, cx8, fxsr, mmx, sse, sse2, sse3, ssse3, sse4.1, sse4.2, popcnt, avx, ht, tsc, tscinvbit

Memory: 4k page, physical 137435710544k(34358927636k free)

/proc/meminfo:


vm_info: Java HotSpot(TM) 64-Bit Server VM (23.3-b01) for bsd-amd64 JRE (1.7.0_07-b10), built on Aug 28 2012 18:14:29 by "java_re" with gcc 4.2.1 (Based on Apple Inc. build 5658) (LLVM build 2336.9.00)

time: Sat Apr  6 13:28:20 2013
elapsed time: 0 seconds

